<?xml version="1.0" encoding="UTF-8"?>
<testng-results skipped="0" failed="0" total="1" passed="1">
  <reporter-output>
  </reporter-output>
  <suite name="Default suite" duration-ms="40235" started-at="2018-01-15T05:36:49Z" finished-at="2018-01-15T05:37:30Z">
    <groups>
    </groups>
    <test name="Default test" duration-ms="40235" started-at="2018-01-15T05:36:49Z" finished-at="2018-01-15T05:37:30Z">
      <class name="Tests.WinAutoIt">
        <test-method status="PASS" signature="f()[pri:0, instance:Tests.WinAutoIt@5c7fa833]" name="f" duration-ms="40215" started-at="2018-01-15T05:36:49Z" finished-at="2018-01-15T05:37:30Z">
          <reporter-output>
          </reporter-output>
        </test-method> <!-- f -->
      </class> <!-- Tests.WinAutoIt -->
    </test> <!-- Default test -->
  </suite> <!-- Default suite -->
</testng-results>
